<?xml version="1.0" encoding="UTF-8"?>
<testng-results ignored="0" total="2" passed="2" failed="0" skipped="0">
  <reporter-output>
  </reporter-output>
  <suite started-at="2020-07-27T17:03:51Z" name="Suite" finished-at="2020-07-27T17:04:16Z" duration-ms="25035">
    <groups>
    </groups>
    <test started-at="2020-07-27T17:03:51Z" name="Test" finished-at="2020-07-27T17:04:16Z" duration-ms="25035">
      <class name="com.Practise.Firstcode.SampleTest">
        <test-method is-config="true" signature="BrowserInvoke()[pri:0, instance:com.Practise.Firstcode.SampleTest@c86b9e3]" started-at="2020-07-27T17:03:51Z" name="BrowserInvoke" finished-at="2020-07-27T17:03:53Z" duration-ms="2584" status="PASS">
          <reporter-output>
          </reporter-output>
        </test-method> <!-- BrowserInvoke -->
        <test-method is-config="true" signature="BrowserInvoke()[pri:0, instance:com.Practise.Firstcode.SampleTest2@10aa41f2]" started-at="2020-07-27T17:03:53Z" name="BrowserInvoke" finished-at="2020-07-27T17:03:55Z" duration-ms="2065" status="PASS">
          <reporter-output>
          </reporter-output>
        </test-method> <!-- BrowserInvoke -->
        <test-method signature="test()[pri:0, instance:com.Practise.Firstcode.SampleTest@c86b9e3]" started-at="2020-07-27T17:03:56Z" name="test" description="Add to cart" finished-at="2020-07-27T17:04:16Z" duration-ms="19996" status="PASS">
          <reporter-output>
          </reporter-output>
        </test-method> <!-- test -->
        <test-method is-config="true" signature="Browserclose()[pri:0, instance:com.Practise.Firstcode.SampleTest@c86b9e3]" started-at="2020-07-27T17:04:16Z" name="Browserclose" finished-at="2020-07-27T17:04:16Z" duration-ms="126" status="PASS">
          <reporter-output>
          </reporter-output>
        </test-method> <!-- Browserclose -->
        <test-method is-config="true" signature="Browserclose()[pri:0, instance:com.Practise.Firstcode.SampleTest2@10aa41f2]" started-at="2020-07-27T17:04:16Z" name="Browserclose" finished-at="2020-07-27T17:04:16Z" duration-ms="201" status="PASS">
          <reporter-output>
          </reporter-output>
        </test-method> <!-- Browserclose -->
      </class> <!-- com.Practise.Firstcode.SampleTest -->
      <class name="com.Practise.Firstcode.SampleTest2">
        <test-method signature="test()[pri:0, instance:com.Practise.Firstcode.SampleTest2@10aa41f2]" started-at="2020-07-27T17:03:56Z" name="test" description="Add to cart" finished-at="2020-07-27T17:04:05Z" duration-ms="9170" status="PASS">
          <reporter-output>
          </reporter-output>
        </test-method> <!-- test -->
      </class> <!-- com.Practise.Firstcode.SampleTest2 -->
    </test> <!-- Test -->
  </suite> <!-- Suite -->
</testng-results>
