<?xml version="1.0" encoding="UTF-8"?>
<testng-results ignored="0" total="1" passed="1" failed="0" skipped="0">
  <reporter-output>
  </reporter-output>
  <suite started-at="2020-07-22T16:45:59Z" name="Default suite" finished-at="2020-07-22T16:46:42Z" duration-ms="42829">
    <groups>
    </groups>
    <test started-at="2020-07-22T16:45:59Z" name="Default test" finished-at="2020-07-22T16:46:42Z" duration-ms="42829">
      <class name="com.Practise.Firstcode.SampleTest">
        <test-method is-config="true" signature="BrowserInvoke()[pri:0, instance:com.Practise.Firstcode.SampleTest@3c3d9b6b]" started-at="2020-07-22T16:45:59Z" name="BrowserInvoke" finished-at="2020-07-22T16:46:02Z" duration-ms="2858" status="PASS">
          <reporter-output>
          </reporter-output>
        </test-method> <!-- BrowserInvoke -->
        <test-method signature="test()[pri:0, instance:com.Practise.Firstcode.SampleTest@3c3d9b6b]" started-at="2020-07-22T16:46:02Z" name="test" description="Add to cart" finished-at="2020-07-22T16:46:42Z" duration-ms="39917" status="PASS">
          <reporter-output>
          </reporter-output>
        </test-method> <!-- test -->
        <test-method is-config="true" signature="Browserclose()[pri:0, instance:com.Practise.Firstcode.SampleTest@3c3d9b6b]" started-at="2020-07-22T16:46:42Z" name="Browserclose" finished-at="2020-07-22T16:46:42Z" duration-ms="0" status="PASS">
          <reporter-output>
          </reporter-output>
        </test-method> <!-- Browserclose -->
      </class> <!-- com.Practise.Firstcode.SampleTest -->
    </test> <!-- Default test -->
  </suite> <!-- Default suite -->
</testng-results>
