<?xml version="1.0" encoding="UTF-8"?>
<testng-results ignored="0" total="1" passed="1" failed="0" skipped="0">
  <reporter-output>
  </reporter-output>
  <suite started-at="2020-07-29T14:54:19Z" name="Default suite" finished-at="2020-07-29T14:54:32Z" duration-ms="13439">
    <groups>
    </groups>
    <test started-at="2020-07-29T14:54:19Z" name="Default test" finished-at="2020-07-29T14:54:32Z" duration-ms="13439">
      <class name="Demo_Maven.Flipkart_BrowserNav">
        <test-method is-config="true" signature="BrowserInvoke()[pri:0, instance:Demo_Maven.Flipkart_BrowserNav@ed7f8b4]" started-at="2020-07-29T14:54:19Z" name="BrowserInvoke" finished-at="2020-07-29T14:54:23Z" duration-ms="4532" status="PASS">
          <reporter-output>
          </reporter-output>
        </test-method> <!-- BrowserInvoke -->
        <test-method signature="test()[pri:0, instance:Demo_Maven.Flipkart_BrowserNav@ed7f8b4]" started-at="2020-07-29T14:54:23Z" name="test" description="Add to cart" finished-at="2020-07-29T14:54:32Z" duration-ms="8463" status="PASS">
          <reporter-output>
          </reporter-output>
        </test-method> <!-- test -->
        <test-method is-config="true" signature="Browserclose()[pri:0, instance:Demo_Maven.Flipkart_BrowserNav@ed7f8b4]" started-at="2020-07-29T14:54:32Z" name="Browserclose" finished-at="2020-07-29T14:54:32Z" duration-ms="361" status="PASS">
          <reporter-output>
          </reporter-output>
        </test-method> <!-- Browserclose -->
      </class> <!-- Demo_Maven.Flipkart_BrowserNav -->
    </test> <!-- Default test -->
  </suite> <!-- Default suite -->
</testng-results>
